********************************************************************************
product = Open Liberty 20.0.0.5 (wlp-1.0.40.cl200520200429-1655)
wlp.install.dir = C:/DEV/1/target/liberty/wlp/
java.home = C:\DEV\Java11
java.version = 11.0.7
java.runtime = Java(TM) SE Runtime Environment (11.0.7+8-LTS)
os = Windows 10 (10.0; amd64) (de_DE)
process = 8064@DESKTOP-EGE9ABD
********************************************************************************
[04.06.20, 16:45:18:460 MESZ] 00000001 com.ibm.ws.kernel.launch.internal.FrameworkManager           A CWWKE0001I: Der Server swtp wurde gestartet.
[04.06.20, 16:45:19:414 MESZ] 00000001 com.ibm.ws.kernel.launch.internal.FrameworkManager           I CWWKE0002I: Der Kernel wurde nach  1,144 Sekunden gestartet.
[04.06.20, 16:45:19:466 MESZ] 00000024 com.ibm.ws.kernel.feature.internal.FeatureManager            I CWWKF0007I: Die Featureaktualisierung wurde gestartet.
[04.06.20, 16:45:20:781 MESZ] 0000001a .apache.cxf.cxf.core.3.2:1.0.40.cl200520200429-1655(id=176)] I Aries Blueprint packages not available. So namespaces will not be registered
[04.06.20, 16:45:20:784 MESZ] 0000001a .apache.cxf.cxf.core.3.2:1.0.40.cl200520200429-1655(id=176)] I Aries Blueprint packages not available. So namespaces will not be registered
[04.06.20, 16:45:20:824 MESZ] 00000018 com.ibm.ws.security.ready.internal.SecurityReadyServiceImpl  I CWWKS0007I: Der Sicherheitsservice wird gestartet...
[04.06.20, 16:45:20:971 MESZ] 00000019 com.ibm.ws.app.manager.internal.monitor.DropinMonitor        A CWWKZ0058I: dropins auf Anwendungen überwachen.
[04.06.20, 16:45:21:193 MESZ] 0000001c com.ibm.ws.cache.ServerCache                                 I DYNA1001I: Die Instanz von WebSphere Dynamic Cache mit dem Namen baseCache wurde ordnungsgemäß initialisiert.
[04.06.20, 16:45:21:199 MESZ] 0000001c com.ibm.ws.cache.ServerCache                                 I DYNA1071I: Der Cacheprovider default wird verwendet.
[04.06.20, 16:45:21:203 MESZ] 0000001c com.ibm.ws.cache.CacheServiceImpl                            I DYNA1056I: Dynamic Cache (Objektcache) wurde erfolgreich initialisiert.
[04.06.20, 16:45:21:407 MESZ] 00000020 com.ibm.ws.ssl.config.WSKeyStore                             I CWPKI0802I: Das SSL-Zertifikat wird erstellt. Dieser Vorgang kann einige Sekunden dauern.
[04.06.20, 16:45:21:422 MESZ] 00000030 com.ibm.ws.security.token.ltpa.internal.LTPAKeyInfoManager   I CWWKS4103I: Die LTPA-Schlüssel werden erstellt. Dieser Vorgang kann einige Sekunden dauern.
[04.06.20, 16:45:21:444 MESZ] 00000018 ibm.ws.security.authentication.internal.jaas.JAASServiceImpl I CWWKS1123I: Das Verbundauthentifizierungs-Plug-in mit dem Klassennamen NullCollectiveAuthenticationPlugin wurde aktiviert. 
[04.06.20, 16:45:21:698 MESZ] 00000030 com.ibm.ws.security.token.ltpa.internal.LTPAKeyInfoManager   A CWWKS4104A: Die LTPA-Schlüssel wurden in 0,276 Sekunden erstellt. LTPA-Schlüsseldatei: C:/DEV/1/target/liberty/wlp/usr/servers/swtp/resources/security/ltpa.keys
[04.06.20, 16:45:21:703 MESZ] 00000030 com.ibm.ws.security.token.ltpa.internal.LTPAKeyCreateTask    I CWWKS4105I: Die LTPA-Konfiguration ist nach 0,283 Sekunden bereit.
[04.06.20, 16:45:21:838 MESZ] 00000018 com.ibm.ws.security.ready.internal.SecurityReadyServiceImpl  I CWWKS0008I: Der Sicherheitsservice ist bereit.
[04.06.20, 16:45:21:905 MESZ] 00000018 com.ibm.ws.security.jwt.internal.ConsumerImpl                I CWWKS6012I: Der JWT-Konsumentenservice (JSON Web Token) ist verfügbar.
[04.06.20, 16:45:21:923 MESZ] 00000018 com.ibm.ws.security.jwt.web.JwtEndpointServices              I CWWKS6002I: Der JWT-Endpunktservice (JSON Web Token) ist verfügbar.
[04.06.20, 16:45:21:938 MESZ] 00000018 .ws.security.mp.jwt.v11.config.impl.MpConfigProxyServiceImpl I CWWKS5775I: Die mpConfigProxy-Konfiguration von MicroProfile JWT Version 1.1 wurde erfolgreich verarbeitet.
[04.06.20, 16:45:21:948 MESZ] 00000018 com.ibm.ws.security.mp.jwt.impl.MicroProfileJwtConfigImpl    I CWWKS5500I: Die MicroProfile-JWT-Konfiguration [jwtUserConsumer] wurde erfolgreich verarbeitet.
[04.06.20, 16:45:21:951 MESZ] 00000018 com.ibm.ws.security.mp.jwt.impl.MicroProfileJwtConfigImpl    I CWWKS5500I: Die MicroProfile-JWT-Konfiguration [defaultMpJwt] wurde erfolgreich verarbeitet.
[04.06.20, 16:45:21:953 MESZ] 00000018 com.ibm.ws.security.mp.jwt.impl.MicroProfileJwtServiceImpl   I CWWKS5500I: Die MicroProfile-JWT-Konfiguration [MicroProfileJwtService] wurde erfolgreich verarbeitet.
[04.06.20, 16:45:22:417 MESZ] 00000018 com.ibm.ws.session.WASSessionCore                            I SESN8501I: Der Sitzungsmanager konnte keine persistente Speicherposition finden. HttpSession-Objekte werden im lokalen Anwendungsserverspeicher gespeichert.
[04.06.20, 16:45:22:473 MESZ] 00000018 om.ibm.ws.microprofile.metrics.monitor.MonitorMetricsHandler I CWPMI2003I: Die Überwachungsmetriken können über das Feature mpMetrics abgerufen werden.
[04.06.20, 16:45:22:510 MESZ] 00000020 com.ibm.ws.ssl.config.WSKeyStore                             A CWPKI0803A: Das SSL-Zertifikat wurde in 1,102 Sekunden erstellt. SSL-Schlüsseldatei: C:/DEV/1/target/liberty/wlp/usr/servers/swtp/resources/security/public.jks
[04.06.20, 16:45:22:511 MESZ] 00000020 com.ibm.ws.ssl.config.WSKeyStore                             I Successfully loaded default keystore: C:/DEV/1/target/liberty/wlp/usr/servers/swtp/resources/security/public.jks of type: JKS
[04.06.20, 16:45:22:932 MESZ] 00000027 com.ibm.ws.app.manager.AppMessageHelper                      I CWWKZ0018I: Die Anwendung swtp wird gestartet.
[04.06.20, 16:45:22:937 MESZ] 00000027 bm.ws.app.manager.war.internal.WARDeployedAppInfoFactoryImpl I CWWKZ0134I: Die Anwendung swtp verwendet die lose Anwendungsdefinition an der Position C:\DEV\1\target\liberty\wlp\usr\servers\swtp\apps\swtp.war.xml.
[04.06.20, 16:45:23:198 MESZ] 00000042 com.ibm.ws.webcontainer.osgi.webapp.WebGroup                 I SRVE0169I: Das Webmodul wird geladen: PublicMicroProfileMetrics.
[04.06.20, 16:45:23:201 MESZ] 00000026 com.ibm.ws.webcontainer.osgi.webapp.WebGroup                 I SRVE0169I: Das Webmodul wird geladen: health.
[04.06.20, 16:45:23:201 MESZ] 00000043 com.ibm.ws.webcontainer.osgi.webapp.WebGroup                 I SRVE0169I: Das Webmodul wird geladen: MicroProfileOpenAPI.
[04.06.20, 16:45:23:200 MESZ] 00000040 com.ibm.ws.webcontainer.osgi.webapp.WebGroup                 I SRVE0169I: Das Webmodul wird geladen: com.ibm.ws.security.jwt.
[04.06.20, 16:45:23:201 MESZ] 00000041 com.ibm.ws.webcontainer.osgi.webapp.WebGroup                 I SRVE0169I: Das Webmodul wird geladen: ibm/api.
[04.06.20, 16:45:23:198 MESZ] 00000044 com.ibm.ws.webcontainer.osgi.webapp.WebGroup                 I SRVE0169I: Das Webmodul wird geladen: OpenAPIUI.
[04.06.20, 16:45:23:206 MESZ] 00000041 com.ibm.ws.webcontainer                                      I SRVE0250I: Das Webmodul ibm/api wurde an default_host gebunden.
[04.06.20, 16:45:23:205 MESZ] 00000040 com.ibm.ws.webcontainer                                      I SRVE0250I: Das Webmodul com.ibm.ws.security.jwt wurde an default_host gebunden.
[04.06.20, 16:45:23:205 MESZ] 00000043 com.ibm.ws.webcontainer                                      I SRVE0250I: Das Webmodul MicroProfileOpenAPI wurde an default_host gebunden.
[04.06.20, 16:45:23:204 MESZ] 00000026 com.ibm.ws.webcontainer                                      I SRVE0250I: Das Webmodul health wurde an default_host gebunden.
[04.06.20, 16:45:23:204 MESZ] 00000042 com.ibm.ws.webcontainer                                      I SRVE0250I: Das Webmodul PublicMicroProfileMetrics wurde an default_host gebunden.
[04.06.20, 16:45:23:206 MESZ] 00000044 com.ibm.ws.webcontainer                                      I SRVE0250I: Das Webmodul OpenAPIUI wurde an default_host gebunden.
[04.06.20, 16:45:23:207 MESZ] 00000041 com.ibm.ws.http.internal.VirtualHostImpl                     A CWWKT0016I: Webanwendung verfügbar: (default_host): http://localhost:9080/ibm/api/
[04.06.20, 16:45:23:210 MESZ] 00000044 com.ibm.ws.http.internal.VirtualHostImpl                     A CWWKT0016I: Webanwendung verfügbar: (default_host): http://localhost:9080/openapi/ui/
[04.06.20, 16:45:23:211 MESZ] 00000042 com.ibm.ws.http.internal.VirtualHostImpl                     A CWWKT0016I: Webanwendung verfügbar: (default_host): http://localhost:9080/metrics/
[04.06.20, 16:45:23:213 MESZ] 00000026 com.ibm.ws.http.internal.VirtualHostImpl                     A CWWKT0016I: Webanwendung verfügbar: (default_host): http://localhost:9080/health/
[04.06.20, 16:45:23:214 MESZ] 00000043 com.ibm.ws.http.internal.VirtualHostImpl                     A CWWKT0016I: Webanwendung verfügbar: (default_host): http://localhost:9080/openapi/
[04.06.20, 16:45:23:215 MESZ] 00000040 com.ibm.ws.http.internal.VirtualHostImpl                     A CWWKT0016I: Webanwendung verfügbar: (default_host): http://localhost:9080/jwt/
[04.06.20, 16:45:23:266 MESZ] 00000038 com.ibm.ws.session.WASSessionCore                            I SESN0176I: Es wird ein neuer Sitzungskontext für den Anwendungsschlüssel default_host/jwt erstellt.
[04.06.20, 16:45:23:267 MESZ] 00000026 com.ibm.ws.session.WASSessionCore                            I SESN0176I: Es wird ein neuer Sitzungskontext für den Anwendungsschlüssel default_host/openapi erstellt.
[04.06.20, 16:45:23:266 MESZ] 00000035 com.ibm.ws.session.WASSessionCore                            I SESN0176I: Es wird ein neuer Sitzungskontext für den Anwendungsschlüssel default_host/health erstellt.
[04.06.20, 16:45:23:266 MESZ] 00000030 com.ibm.ws.session.WASSessionCore                            I SESN0176I: Es wird ein neuer Sitzungskontext für den Anwendungsschlüssel default_host/ibm/api erstellt.
[04.06.20, 16:45:23:266 MESZ] 00000033 com.ibm.ws.session.WASSessionCore                            I SESN0176I: Es wird ein neuer Sitzungskontext für den Anwendungsschlüssel default_host/openapi/ui erstellt.
[04.06.20, 16:45:23:267 MESZ] 00000034 com.ibm.ws.session.WASSessionCore                            I SESN0176I: Es wird ein neuer Sitzungskontext für den Anwendungsschlüssel default_host/metrics erstellt.
[04.06.20, 16:45:23:351 MESZ] 00000038 com.ibm.ws.util                                              I SESN0172I: Der Sitzungsmanager verwendet die SecureRandom-Java-Standardimplementierung für die Generierung von Sitzungs-IDs.
[04.06.20, 16:45:23:362 MESZ] 00000034 com.ibm.ws.util                                              I SESN0172I: Der Sitzungsmanager verwendet die SecureRandom-Java-Standardimplementierung für die Generierung von Sitzungs-IDs.
[04.06.20, 16:45:23:365 MESZ] 00000033 com.ibm.ws.util                                              I SESN0172I: Der Sitzungsmanager verwendet die SecureRandom-Java-Standardimplementierung für die Generierung von Sitzungs-IDs.
[04.06.20, 16:45:23:367 MESZ] 00000030 com.ibm.ws.util                                              I SESN0172I: Der Sitzungsmanager verwendet die SecureRandom-Java-Standardimplementierung für die Generierung von Sitzungs-IDs.
[04.06.20, 16:45:23:370 MESZ] 00000035 com.ibm.ws.util                                              I SESN0172I: Der Sitzungsmanager verwendet die SecureRandom-Java-Standardimplementierung für die Generierung von Sitzungs-IDs.
[04.06.20, 16:45:23:371 MESZ] 00000026 com.ibm.ws.util                                              I SESN0172I: Der Sitzungsmanager verwendet die SecureRandom-Java-Standardimplementierung für die Generierung von Sitzungs-IDs.
[04.06.20, 16:45:23:386 MESZ] 00000033 com.ibm.ws.cache.CacheServiceImpl                            I DYNA1056I: Dynamic Cache (Objektcache) wurde erfolgreich initialisiert.
[04.06.20, 16:45:23:564 MESZ] 00000034 com.ibm.ws.webcontainer.servlet                              I SRVE0242I: [com.ibm.ws.microprofile.metrics.public] [/metrics] [PublicMetricsRESTProxyServlet]: Initialisierung erfolgreich.
[04.06.20, 16:45:23:567 MESZ] 00000035 com.ibm.ws.webcontainer.servlet                              I SRVE0242I: [com.ibm.ws.microprofile.health.2.0] [/health] [HealthCheckReadinessServlet]: Initialisierung erfolgreich.
[04.06.20, 16:45:23:570 MESZ] 00000035 com.ibm.ws.webcontainer.servlet                              I SRVE0242I: [com.ibm.ws.microprofile.health.2.0] [/health] [HealthCheckServlet]: Initialisierung erfolgreich.
[04.06.20, 16:45:23:571 MESZ] 00000026 com.ibm.ws.webcontainer.servlet                              I SRVE0242I: [com.ibm.ws.microprofile.openapi] [/openapi] [OpenAPIServlet]: Initialisierung erfolgreich.
[04.06.20, 16:45:23:572 MESZ] 00000035 com.ibm.ws.webcontainer.servlet                              I SRVE0242I: [com.ibm.ws.microprofile.health.2.0] [/health] [HealthCheckLivenessServlet]: Initialisierung erfolgreich.
[04.06.20, 16:45:23:630 MESZ] 00000039 com.ibm.ws.webcontainer.osgi.mbeans.PluginGenerator          I SRVE9103I: Es wurde automatisch eine Konfigurationsdatei für ein Web-Server-Plug-in für diesen Server unter C:\DEV\1\target\liberty\wlp\usr\servers\swtp\logs\state\plugin-cfg.xml generiert.
[04.06.20, 16:45:24:122 MESZ] 00000027 com.ibm.ws.microprofile.openapi.ApplicationProcessor         I CWWKO1660I: Die Anwendung swtp wurde verarbeitet, und es wurde ein OpenAPI-Dokument erstellt.
[04.06.20, 16:45:24:156 MESZ] 00000027 org.jboss.weld.Version                                       I WELD-000900: 3.1.4 (Final)
[04.06.20, 16:45:25:564 MESZ] 00000027 com.ibm.ws.webcontainer.osgi.webapp.WebGroup                 I SRVE0169I: Das Webmodul wird geladen: swtp.
[04.06.20, 16:45:25:564 MESZ] 00000027 com.ibm.ws.webcontainer                                      I SRVE0250I: Das Webmodul swtp wurde an default_host gebunden.
[04.06.20, 16:45:25:565 MESZ] 00000027 com.ibm.ws.http.internal.VirtualHostImpl                     A CWWKT0016I: Webanwendung verfügbar: (default_host): http://localhost:9080/
[04.06.20, 16:45:25:569 MESZ] 00000044 com.ibm.ws.session.WASSessionCore                            I SESN0176I: Es wird ein neuer Sitzungskontext für den Anwendungsschlüssel default_host/ erstellt.
[04.06.20, 16:45:25:569 MESZ] 00000027 com.ibm.ws.app.manager.AppMessageHelper                      A CWWKZ0001I: Die Anwendung swtp ist nach 2,637 Sekunden gestartet.
[04.06.20, 16:45:25:570 MESZ] 00000044 com.ibm.ws.util                                              I SESN0172I: Der Sitzungsmanager verwendet die SecureRandom-Java-Standardimplementierung für die Generierung von Sitzungs-IDs.
[04.06.20, 16:45:25:591 MESZ] 00000024 com.ibm.ws.tcpchannel.internal.TCPPort                       E CWWKO0221E: Die Initialisierung des TCP-Kanals defaultHttpEndpoint war nicht erfolgreich. Das Binden des Sockets für den Host localhost und den Port 9080 war nicht erfolgreich. Der Port ist möglicherweise bereits im Gebrauch. Ausnahmebedingungsnachricht: Address already in use: bind
[04.06.20, 16:45:25:594 MESZ] 00000024 com.ibm.ws.tcpchannel.internal.TCPChannel                    I CWWKO0220I: Der TCP-Kanal defaultHttpEndpoint ist auf Host localhost an Port 9080 nicht mehr für Anforderungen empfangsbereit.
[04.06.20, 16:45:25:595 MESZ] 00000024 com.ibm.ws.http.internal.VirtualHostImpl                     A CWWKT0028I: Die Webanwendung wurde verschoben (default_host): https://localhost:9443/jwt/
[04.06.20, 16:45:25:596 MESZ] 00000024 com.ibm.ws.http.internal.VirtualHostImpl                     A CWWKT0028I: Die Webanwendung wurde verschoben (default_host): https://localhost:9443/openapi/ui/
[04.06.20, 16:45:25:596 MESZ] 00000024 com.ibm.ws.http.internal.VirtualHostImpl                     A CWWKT0028I: Die Webanwendung wurde verschoben (default_host): https://localhost:9443/metrics/
[04.06.20, 16:45:25:597 MESZ] 00000024 com.ibm.ws.http.internal.VirtualHostImpl                     A CWWKT0028I: Die Webanwendung wurde verschoben (default_host): https://localhost:9443/health/
[04.06.20, 16:45:25:597 MESZ] 0000003b com.ibm.ws.webcontainer.osgi.mbeans.PluginGenerator          I SRVE9103I: Es wurde automatisch eine Konfigurationsdatei für ein Web-Server-Plug-in für diesen Server unter C:\DEV\1\target\liberty\wlp\usr\servers\swtp\logs\state\plugin-cfg.xml generiert.
[04.06.20, 16:45:25:597 MESZ] 00000024 com.ibm.ws.http.internal.VirtualHostImpl                     A CWWKT0028I: Die Webanwendung wurde verschoben (default_host): https://localhost:9443/
[04.06.20, 16:45:25:598 MESZ] 00000024 com.ibm.ws.http.internal.VirtualHostImpl                     A CWWKT0028I: Die Webanwendung wurde verschoben (default_host): https://localhost:9443/ibm/api/
[04.06.20, 16:45:25:598 MESZ] 00000024 com.ibm.ws.http.internal.VirtualHostImpl                     A CWWKT0028I: Die Webanwendung wurde verschoben (default_host): https://localhost:9443/openapi/
[04.06.20, 16:45:25:600 MESZ] 00000024 com.ibm.ws.tcpchannel.internal.TCPPort                       I CWWKO0219I: Der TCP-Kanal defaultHttpEndpoint-ssl wurde gestartet und ist jetzt für Anforderungen auf dem Host kubernetes.docker.internal  (IPv4: 127.0.0.1) an Port 9443 empfangsbereit.
[04.06.20, 16:45:25:670 MESZ] 00000024 com.ibm.ws.kernel.feature.internal.FeatureManager            A CWWKF0012I: Im Server wurden die folgenden Features installiert: [appSecurity-2.0, cdi-2.0, concurrent-1.0, distributedMap-1.0, jaxrs-2.1, jaxrsClient-2.1, jdbc-4.2, jndi-1.0, json-1.0, jsonb-1.0, jsonp-1.1, jwt-1.0, microProfile-3.3, monitor-1.0, mpConfig-1.4, mpFaultTolerance-2.1, mpHealth-2.2, mpJwt-1.1, mpMetrics-2.3, mpOpenAPI-1.1, mpOpenTracing-1.3, mpRestClient-1.4, opentracing-1.3, servlet-4.0, ssl-1.0].
[04.06.20, 16:45:25:671 MESZ] 00000024 com.ibm.ws.kernel.feature.internal.FeatureManager            I CWWKF0008I: Die Featureaktualisierung wurde in 6,260 Sekunden durchgeführt.
[04.06.20, 16:45:25:671 MESZ] 00000024 com.ibm.ws.kernel.feature.internal.FeatureManager            A CWWKF0011I: Der Server swtp ist für die Ausführung von Smarter Planet bereit. Der Server swtp ist nach 7,403 Sekunden gestartet.
[04.06.20, 16:45:28:310 MESZ] 00000040 com.ibm.ws.http.internal.VirtualHostImpl                     A CWWKT0017I: Webanwendung entfernt (default_host): https://localhost:9443/
[04.06.20, 16:45:28:335 MESZ] 00000040 com.ibm.ws.app.manager.AppMessageHelper                      A CWWKZ0009I: Die Anwendung swtp wurde erfolgreich gestoppt.
[04.06.20, 16:45:28:344 MESZ] 00000040 com.ibm.ws.app.manager.AppMessageHelper                      I CWWKZ0018I: Die Anwendung swtp wird gestartet.
[04.06.20, 16:45:28:344 MESZ] 00000040 bm.ws.app.manager.war.internal.WARDeployedAppInfoFactoryImpl I CWWKZ0134I: Die Anwendung swtp verwendet die lose Anwendungsdefinition an der Position C:\DEV\1\target\liberty\wlp\usr\servers\swtp\apps\swtp.war.xml.
[04.06.20, 16:45:28:361 MESZ] 00000060 com.ibm.ws.webcontainer.osgi.mbeans.PluginGenerator          I SRVE9103I: Es wurde automatisch eine Konfigurationsdatei für ein Web-Server-Plug-in für diesen Server unter C:\DEV\1\target\liberty\wlp\usr\servers\swtp\logs\state\plugin-cfg.xml generiert.
[04.06.20, 16:45:28:618 MESZ] 00000040 com.ibm.ws.microprofile.openapi.ApplicationProcessor         I CWWKO1660I: Die Anwendung swtp wurde verarbeitet, und es wurde ein OpenAPI-Dokument erstellt.
[04.06.20, 16:45:28:959 MESZ] 00000040 com.ibm.ws.webcontainer.osgi.webapp.WebGroup                 I SRVE0169I: Das Webmodul wird geladen: swtp.
[04.06.20, 16:45:28:960 MESZ] 00000040 com.ibm.ws.webcontainer                                      I SRVE0250I: Das Webmodul swtp wurde an default_host gebunden.
[04.06.20, 16:45:28:960 MESZ] 00000040 com.ibm.ws.http.internal.VirtualHostImpl                     A CWWKT0016I: Webanwendung verfügbar: (default_host): https://localhost:9443/
[04.06.20, 16:45:28:961 MESZ] 00000034 com.ibm.ws.session.WASSessionCore                            I SESN0176I: Es wird ein neuer Sitzungskontext für den Anwendungsschlüssel default_host/ erstellt.
[04.06.20, 16:45:28:962 MESZ] 00000040 com.ibm.ws.app.manager.AppMessageHelper                      A CWWKZ0003I: Die Anwendung swtp wurde nach 0,618 Sekunden aktualisiert.
[04.06.20, 16:45:28:962 MESZ] 00000034 com.ibm.ws.util                                              I SESN0172I: Der Sitzungsmanager verwendet die SecureRandom-Java-Standardimplementierung für die Generierung von Sitzungs-IDs.
[04.06.20, 16:45:28:984 MESZ] 00000027 com.ibm.ws.webcontainer.osgi.mbeans.PluginGenerator          I SRVE9103I: Es wurde automatisch eine Konfigurationsdatei für ein Web-Server-Plug-in für diesen Server unter C:\DEV\1\target\liberty\wlp\usr\servers\swtp\logs\state\plugin-cfg.xml generiert.
[04.06.20, 16:45:48:723 MESZ] 00000026 com.ibm.ws.webcontainer.extension                            W SRVE0190E: Datei nicht gefunden: /favicon.ico
[04.06.20, 16:45:48:831 MESZ] 00000054 .apache.cxf.cxf.core.3.2:1.0.40.cl200520200429-1655(id=176)] I Setting the server's publish address to be /rateme/
[04.06.20, 16:45:48:995 MESZ] 00000054 com.ibm.ws.webcontainer.servlet                              I SRVE0242I: [swtp] [/] [hskl.swtp.SwtpRestApplication]: Initialisierung erfolgreich.
[04.06.20, 16:45:49:112 MESZ] 00000054 SystemErr                                                    R SLF4J: Failed to load class "org.slf4j.impl.StaticLoggerBinder".
[04.06.20, 16:45:49:113 MESZ] 00000054 SystemErr                                                    R SLF4J: Defaulting to no-operation (NOP) logger implementation
[04.06.20, 16:45:49:113 MESZ] 00000054 SystemErr                                                    R SLF4J: See http://www.slf4j.org/codes.html#StaticLoggerBinder for further details.
[04.06.20, 16:45:49:434 MESZ] 00000054 m.ibm.ws.microprofile.opentracing.jaeger.JaegerTracerFactory I CWMOT1001I: Für die Anwendung swtp wurde eine JaegerTracer-Instanz erstellt. Die Traceinformationen werden an localhost:6831 gesendet.
[04.06.20, 16:45:49:957 MESZ] 00000054 com.ibm.ws.recoverylog.spi.RecoveryDirectorImpl              I CWRLS0010I: Die Wiederherstellung für den lokalen WebSphere-Server (swtp) wird durchgeführt.
[04.06.20, 16:45:49:990 MESZ] 0000007c com.ibm.ws.recoverylog.spi.LogHandle                         I CWRLS0007I: Es wurden keine Wiederherstellungsprotokolldateien in C:/DEV/1/target/liberty/wlp/usr/servers/swtp/tranlog\tranlog gefunden. Das Wiederherstellungsprotokoll wird neu gestartet.
[04.06.20, 16:45:49:991 MESZ] 0000007c com.ibm.ws.recoverylog.spi.LogFileHandle                     I CWRLS0006I: Die neue Wiederherstellungsprotokolldatei C:/DEV/1/target/liberty/wlp/usr/servers/swtp/tranlog\tranlog\log1 wird erstellt.
[04.06.20, 16:45:49:997 MESZ] 0000007c com.ibm.ws.recoverylog.spi.LogFileHandle                     I CWRLS0006I: Die neue Wiederherstellungsprotokolldatei C:/DEV/1/target/liberty/wlp/usr/servers/swtp/tranlog\tranlog\log2 wird erstellt.
[04.06.20, 16:45:50:015 MESZ] 0000007c com.ibm.ws.recoverylog.spi.LogHandle                         I CWRLS0007I: Es wurden keine Wiederherstellungsprotokolldateien in C:/DEV/1/target/liberty/wlp/usr/servers/swtp/tranlog\partnerlog gefunden. Das Wiederherstellungsprotokoll wird neu gestartet.
[04.06.20, 16:45:50:016 MESZ] 0000007c com.ibm.ws.recoverylog.spi.LogFileHandle                     I CWRLS0006I: Die neue Wiederherstellungsprotokolldatei C:/DEV/1/target/liberty/wlp/usr/servers/swtp/tranlog\partnerlog\log1 wird erstellt.
[04.06.20, 16:45:50:018 MESZ] 0000007c com.ibm.ws.recoverylog.spi.LogFileHandle                     I CWRLS0006I: Die neue Wiederherstellungsprotokolldatei C:/DEV/1/target/liberty/wlp/usr/servers/swtp/tranlog\partnerlog\log2 wird erstellt.
[04.06.20, 16:45:50:049 MESZ] 00000054 com.ibm.ws.recoverylog.spi.RecoveryDirectorImpl              I CWRLS0012I: Alle persistenten Services wurden angewiesen, die Wiederherstellung für den WebSphere-Server (swtp) durchzuführen.
[04.06.20, 16:45:50:049 MESZ] 0000007c com.ibm.tx.jta.impl.RecoveryManager                          I WTRN0135I: Der Transaktionsservice stellt keine Transaktionen wieder her.
[04.06.20, 16:45:50:068 MESZ] 00000054 SystemOut                                                    O getAllPoi
[04.06.20, 16:45:50:370 MESZ] 00000054 com.ibm.ws.rsadapter.impl.DatabaseHelper                     I DSRA8203I: Produktname der Database: MySQL
[04.06.20, 16:45:50:373 MESZ] 00000054 com.ibm.ws.rsadapter.impl.DatabaseHelper                     I DSRA8204I: Produktversion der Database: 8.0.19
[04.06.20, 16:45:50:374 MESZ] 00000054 com.ibm.ws.rsadapter.impl.DatabaseHelper                     I DSRA8205I: Name des JDBC-Treibers: MySQL Connector/J
[04.06.20, 16:45:50:374 MESZ] 00000054 com.ibm.ws.rsadapter.impl.DatabaseHelper                     I DSRA8206I: Version des JDBC-Treibers: mysql-connector-java-8.0.18 (Revision: fef2894d751d47223192b706977b4a5bc41e6be4)
[04.06.20, 16:57:48:262 MESZ] 00000082 SystemOut                                                    O getAllPoi
[04.06.20, 17:05:08:020 MESZ] 00000094 SystemOut                                                    O getAllPoi
[04.06.20, 17:06:00:440 MESZ] 00000024 SystemOut                                                    O getAllPoi
[04.06.20, 17:15:46:352 MESZ] 0000008c SystemOut                                                    O getAllPoi
